Release 14.7 - xst P.20131013 (nt64)
Copyright (c) 1995-2013 Xilinx, Inc.  All rights reserved.
--> Parameter TMPDIR set to xst/projnav.tmp


Total REAL time to Xst completion: 1.00 secs
Total CPU time to Xst completion: 0.90 secs
 
--> Parameter xsthdpdir set to xst


Total REAL time to Xst completion: 1.00 secs
Total CPU time to Xst completion: 0.90 secs
 
--> Reading design: controller.prj

TABLE OF CONTENTS
  1) Synthesis Options Summary
  2) HDL Compilation
  3) Design Hierarchy Analysis
  4) HDL Analysis
  5) HDL Synthesis
     5.1) HDL Synthesis Report
  6) Advanced HDL Synthesis
     6.1) Advanced HDL Synthesis Report
  7) Low Level Synthesis
  8) Partition Report
  9) Final Report
	9.1) Device utilization summary
	9.2) Partition Resource Summary
	9.3) TIMING REPORT


=========================================================================
*                      Synthesis Options Summary                        *
=========================================================================
---- Source Parameters
Input File Name                    : "controller.prj"
Input Format                       : mixed
Ignore Synthesis Constraint File   : NO

---- Target Parameters
Output File Name                   : "controller"
Output Format                      : NGC
Target Device                      : xc3s400-5-pq208

---- Source Options
Top Module Name                    : controller
Automatic FSM Extraction           : YES
FSM Encoding Algorithm             : Auto
Safe Implementation                : No
FSM Style                          : LUT
RAM Extraction                     : Yes
RAM Style                          : Auto
ROM Extraction                     : Yes
Mux Style                          : Auto
Decoder Extraction                 : YES
Priority Encoder Extraction        : Yes
Shift Register Extraction          : YES
Logical Shifter Extraction         : YES
XOR Collapsing                     : YES
ROM Style                          : Auto
Mux Extraction                     : Yes
Resource Sharing                   : YES
Asynchronous To Synchronous        : NO
Multiplier Style                   : Auto
Automatic Register Balancing       : No

---- Target Options
Add IO Buffers                     : YES
Global Maximum Fanout              : 100000
Add Generic Clock Buffer(BUFG)     : 8
Register Duplication               : YES
Slice Packing                      : YES
Optimize Instantiated Primitives   : NO
Use Clock Enable                   : Yes
Use Synchronous Set                : Yes
Use Synchronous Reset              : Yes
Pack IO Registers into IOBs        : Auto
Equivalent register Removal        : YES

---- General Options
Optimization Goal                  : Speed
Optimization Effort                : 1
Keep Hierarchy                     : No
Netlist Hierarchy                  : As_Optimized
RTL Output                         : Yes
Global Optimization                : AllClockNets
Read Cores                         : YES
Write Timing Constraints           : NO
Cross Clock Analysis               : NO
Hierarchy Separator                : /
Bus Delimiter                      : <>
Case Specifier                     : Maintain
Slice Utilization Ratio            : 100
BRAM Utilization Ratio             : 100
Verilog 2001                       : YES
Auto BRAM Packing                  : NO
Slice Utilization Ratio Delta      : 5

=========================================================================


=========================================================================
*                          HDL Compilation                              *
=========================================================================
Compiling verilog file "register.v" in library work
Compiling verilog file "controller.v" in library work
Module <register> compiled
Module <controller> compiled
No errors in compilation
Analysis of file <"controller.prj"> succeeded.
 

=========================================================================
*                     Design Hierarchy Analysis                         *
=========================================================================
Analyzing hierarchy for module <controller> in library <work> with parameters.
	A = "000"
	B = "001"
	C = "010"
	D = "011"
	E = "100"

Analyzing hierarchy for module <register> in library <work>.


=========================================================================
*                            HDL Analysis                               *
=========================================================================
Analyzing top module <controller>.
	A = 3'b000
	B = 3'b001
	C = 3'b010
	D = 3'b011
	E = 3'b100
Module <controller> is correct for synthesis.
 
Analyzing module <register> in library <work>.
Module <register> is correct for synthesis.
 

=========================================================================
*                           HDL Synthesis                               *
=========================================================================

Performing bidirectional port resolution...

Synthesizing Unit <register>.
    Related source file is "register.v".
    Found 8-bit register for signal <Q>.
    Summary:
	inferred   8 D-type flip-flop(s).
Unit <register> synthesized.


Synthesizing Unit <controller>.
    Related source file is "controller.v".
    Found finite state machine <FSM_0> for signal <state>.
    -----------------------------------------------------------------------
    | States             | 5                                              |
    | Transitions        | 12                                             |
    | Inputs             | 3                                              |
    | Outputs            | 4                                              |
    | Clock              | clock                     (rising_edge)        |
    | Reset              | reset                     (negative)           |
    | Reset type         | asynchronous                                   |
    | Reset State        | 000                                            |
    | Encoding           | automatic                                      |
    | Implementation     | LUT                                            |
    -----------------------------------------------------------------------
    Found 1-bit register for signal <P>.
    Found 1-bit register for signal <Q>.
    Found 3-bit comparator equal for signal <state$cmp_eq0000> created at line 78.
    Summary:
	inferred   1 Finite State Machine(s).
	inferred   2 D-type flip-flop(s).
	inferred   1 Comparator(s).
Unit <controller> synthesized.


=========================================================================
HDL Synthesis Report

Macro Statistics
# Registers                                            : 4
 1-bit register                                        : 2
 8-bit register                                        : 2
# Comparators                                          : 1
 3-bit comparator equal                                : 1

=========================================================================

=========================================================================
*                       Advanced HDL Synthesis                          *
=========================================================================

Analyzing FSM <FSM_0> for best encoding.
Optimizing FSM <state/FSM> on signal <state[1:3]> with gray encoding.
-------------------
 State | Encoding
-------------------
 000   | 000
 001   | 001
 010   | 011
 011   | 110
 100   | 010
-------------------

=========================================================================
Advanced HDL Synthesis Report

Macro Statistics
# FSMs                                                 : 1
# Registers                                            : 18
 Flip-Flops                                            : 18
# Comparators                                          : 1
 3-bit comparator equal                                : 1

=========================================================================

=========================================================================
*                         Low Level Synthesis                           *
=========================================================================
INFO:Xst:2261 - The FF/Latch <PP/Q_0> in Unit <controller> is equivalent to the following FF/Latch, which will be removed : <QQ/Q_0> 
INFO:Xst:2261 - The FF/Latch <PP/Q_1> in Unit <controller> is equivalent to the following FF/Latch, which will be removed : <QQ/Q_1> 
INFO:Xst:2261 - The FF/Latch <PP/Q_2> in Unit <controller> is equivalent to the following FF/Latch, which will be removed : <QQ/Q_2> 
INFO:Xst:2261 - The FF/Latch <PP/Q_3> in Unit <controller> is equivalent to the following FF/Latch, which will be removed : <QQ/Q_3> 
INFO:Xst:2261 - The FF/Latch <PP/Q_4> in Unit <controller> is equivalent to the following FF/Latch, which will be removed : <QQ/Q_4> 
INFO:Xst:2261 - The FF/Latch <PP/Q_5> in Unit <controller> is equivalent to the following FF/Latch, which will be removed : <QQ/Q_5> 
INFO:Xst:2261 - The FF/Latch <PP/Q_6> in Unit <controller> is equivalent to the following FF/Latch, which will be removed : <QQ/Q_6> 
INFO:Xst:2261 - The FF/Latch <PP/Q_7> in Unit <controller> is equivalent to the following FF/Latch, which will be removed : <QQ/Q_7> 
WARNING:Xst:2677 - Node <P> of sequential type is unconnected in block <controller>.
WARNING:Xst:2677 - Node <Q> of sequential type is unconnected in block <controller>.

Optimizing unit <controller> ...

Mapping all equations...
Building and optimizing final netlist ...
Found area constraint ratio of 100 (+ 5) on block controller, actual ratio is 0.
FlipFlop PP/Q_7 has been replicated 1 time(s) to handle iob=true attribute.
FlipFlop PP/Q_6 has been replicated 1 time(s) to handle iob=true attribute.
FlipFlop PP/Q_5 has been replicated 1 time(s) to handle iob=true attribute.
FlipFlop PP/Q_4 has been replicated 1 time(s) to handle iob=true attribute.
FlipFlop PP/Q_3 has been replicated 1 time(s) to handle iob=true attribute.
FlipFlop PP/Q_2 has been replicated 1 time(s) to handle iob=true attribute.
FlipFlop PP/Q_1 has been replicated 1 time(s) to handle iob=true attribute.
FlipFlop PP/Q_0 has been replicated 1 time(s) to handle iob=true attribute.

Final Macro Processing ...

=========================================================================
Final Register Report

Macro Statistics
# Registers                                            : 16
 Flip-Flops                                            : 16

=========================================================================

=========================================================================
*                           Partition Report                            *
=========================================================================

Partition Implementation Status
-------------------------------

  No Partitions were found in this design.

-------------------------------

=========================================================================
*                            Final Report                               *
=========================================================================
Final Results
RTL Top Level Output File Name     : controller.ngr
Top Level Output File Name         : controller
Output Format                      : NGC
Optimization Goal                  : Speed
Keep Hierarchy                     : No

Design Statistics
# IOs                              : 34

Cell Usage :
# BELS                             : 1
#      INV                         : 1
# FlipFlops/Latches                : 16
#      FDC                         : 16
# Clock Buffers                    : 1
#      BUFGP                       : 1
# IO Buffers                       : 25
#      IBUF                        : 9
#      OBUF                        : 16
=========================================================================

Device utilization summary:
---------------------------

Selected Device : 3s400pq208-5 

 Number of Slices:                        1  out of   3584     0%  
 Number of 4 input LUTs:                  1  out of   7168     0%  
 Number of IOs:                          34
 Number of bonded IOBs:                  26  out of    141    18%  
    IOB Flip Flops:                      16
 Number of GCLKs:                         1  out of      8    12%  

---------------------------
Partition Resource Summary:
---------------------------

  No Partitions were found in this design.

---------------------------


=========================================================================
TIMING REPORT

NOTE: THESE TIMING NUMBERS ARE ONLY A SYNTHESIS ESTIMATE.
      FOR ACCURATE TIMING INFORMATION PLEASE REFER TO THE TRACE REPORT
      GENERATED AFTER PLACE-and-ROUTE.

Clock Information:
------------------
-----------------------------------+------------------------+-------+
Clock Signal                       | Clock buffer(FF name)  | Load  |
-----------------------------------+------------------------+-------+
clock                              | BUFGP                  | 16    |
-----------------------------------+------------------------+-------+

Asynchronous Control Signals Information:
----------------------------------------
-----------------------------------+------------------------+-------+
Control Signal                     | Buffer(FF name)        | Load  |
-----------------------------------+------------------------+-------+
PP/RST_inv(PP/RST_inv1_INV_0:O)    | NONE(PP/Q_0)           | 16    |
-----------------------------------+------------------------+-------+

Timing Summary:
---------------
Speed Grade: -5

   Minimum period: No path found
   Minimum input arrival time before clock: 1.636ns
   Maximum output required time after clock: 6.216ns
   Maximum combinational path delay: No path found

Timing Detail:
--------------
All values displayed in nanoseconds (ns)

=========================================================================
Timing constraint: Default OFFSET IN BEFORE for Clock 'clock'
  Total number of paths / destination ports: 16 / 16
-------------------------------------------------------------------------
Offset:              1.636ns (Levels of Logic = 1)
  Source:            TimeData<7> (PAD)
  Destination:       PP/Q_7 (FF)
  Destination Clock: clock rising

  Data Path: TimeData<7> to PP/Q_7
                                Gate     Net
    Cell:in->out      fanout   Delay   Delay  Logical Name (Net Name)
    ----------------------------------------  ------------
     IBUF:I->O             2   0.715   0.745  TimeData_7_IBUF (TimeData_7_IBUF)
     FDC:D                     0.176          PP/Q_7
    ----------------------------------------
    Total                      1.636ns (0.891ns logic, 0.745ns route)
                                       (54.4% logic, 45.6% route)

=========================================================================
Timing constraint: Default OFFSET OUT AFTER for Clock 'clock'
  Total number of paths / destination ports: 16 / 16
-------------------------------------------------------------------------
Offset:              6.216ns (Levels of Logic = 1)
  Source:            PP/Q_7_1 (FF)
  Destination:       data_P<7> (PAD)
  Source Clock:      clock rising

  Data Path: PP/Q_7_1 to data_P<7>
                                Gate     Net
    Cell:in->out      fanout   Delay   Delay  Logical Name (Net Name)
    ----------------------------------------  ------------
     FDC:C->Q              1   0.626   0.681  PP/Q_7_1 (PP/Q_7_1)
     OBUF:I->O                 4.909          data_P_7_OBUF (data_P<7>)
    ----------------------------------------
    Total                      6.216ns (5.535ns logic, 0.681ns route)
                                       (89.0% logic, 11.0% route)

=========================================================================


Total REAL time to Xst completion: 22.00 secs
Total CPU time to Xst completion: 22.00 secs
 
--> 

Total memory usage is 4497008 kilobytes

Number of errors   :    0 (   0 filtered)
Number of warnings :    2 (   0 filtered)
Number of infos    :    8 (   0 filtered)

