Release 14.7 - xst P.20131013 (nt64)
Copyright (c) 1995-2013 Xilinx, Inc.  All rights reserved.
--> Parameter TMPDIR set to xst/projnav.tmp


Total REAL time to Xst completion: 1.00 secs
Total CPU time to Xst completion: 0.57 secs
 
--> Parameter xsthdpdir set to xst


Total REAL time to Xst completion: 1.00 secs
Total CPU time to Xst completion: 0.57 secs
 
--> Reading design: update_capacity.prj

TABLE OF CONTENTS
  1) Synthesis Options Summary
  2) HDL Compilation
  3) Design Hierarchy Analysis
  4) HDL Analysis
  5) HDL Synthesis
     5.1) HDL Synthesis Report
  6) Advanced HDL Synthesis
     6.1) Advanced HDL Synthesis Report
  7) Low Level Synthesis
  8) Partition Report
  9) Final Report
	9.1) Device utilization summary
	9.2) Partition Resource Summary
	9.3) TIMING REPORT


=========================================================================
*                      Synthesis Options Summary                        *
=========================================================================
---- Source Parameters
Input File Name                    : "update_capacity.prj"
Input Format                       : mixed
Ignore Synthesis Constraint File   : NO

---- Target Parameters
Output File Name                   : "update_capacity"
Output Format                      : NGC
Target Device                      : xc3s400-5-pq208

---- Source Options
Top Module Name                    : update_capacity
Automatic FSM Extraction           : YES
FSM Encoding Algorithm             : Auto
Safe Implementation                : No
FSM Style                          : LUT
RAM Extraction                     : Yes
RAM Style                          : Auto
ROM Extraction                     : Yes
Mux Style                          : Auto
Decoder Extraction                 : YES
Priority Encoder Extraction        : Yes
Shift Register Extraction          : YES
Logical Shifter Extraction         : YES
XOR Collapsing                     : YES
ROM Style                          : Auto
Mux Extraction                     : Yes
Resource Sharing                   : YES
Asynchronous To Synchronous        : NO
Multiplier Style                   : Auto
Automatic Register Balancing       : No

---- Target Options
Add IO Buffers                     : YES
Global Maximum Fanout              : 100000
Add Generic Clock Buffer(BUFG)     : 8
Register Duplication               : YES
Slice Packing                      : YES
Optimize Instantiated Primitives   : NO
Use Clock Enable                   : Yes
Use Synchronous Set                : Yes
Use Synchronous Reset              : Yes
Pack IO Registers into IOBs        : Auto
Equivalent register Removal        : YES

---- General Options
Optimization Goal                  : Speed
Optimization Effort                : 1
Keep Hierarchy                     : No
Netlist Hierarchy                  : As_Optimized
RTL Output                         : Yes
Global Optimization                : AllClockNets
Read Cores                         : YES
Write Timing Constraints           : NO
Cross Clock Analysis               : NO
Hierarchy Separator                : /
Bus Delimiter                      : <>
Case Specifier                     : Maintain
Slice Utilization Ratio            : 100
BRAM Utilization Ratio             : 100
Verilog 2001                       : YES
Auto BRAM Packing                  : NO
Slice Utilization Ratio Delta      : 5

=========================================================================


=========================================================================
*                          HDL Compilation                              *
=========================================================================
Compiling verilog file "update_capacity.v" in library work
Module <update_capacity> compiled
No errors in compilation
Analysis of file <"update_capacity.prj"> succeeded.
 

=========================================================================
*                     Design Hierarchy Analysis                         *
=========================================================================
Analyzing hierarchy for module <update_capacity> in library <work>.


=========================================================================
*                            HDL Analysis                               *
=========================================================================
Analyzing top module <update_capacity>.
Module <update_capacity> is correct for synthesis.
 

=========================================================================
*                           HDL Synthesis                               *
=========================================================================

Performing bidirectional port resolution...

Synthesizing Unit <update_capacity>.
    Related source file is "update_capacity.v".
WARNING:Xst:737 - Found 8-bit latch for signal <$old_cap_1>. Latches may be generated from incomplete case or if statements. We do not recommend the use of latches in FPGA/CPLD designs, as they may lead to timing problems.
    Found 8-bit subtractor for signal <parking_capacity_new>.
    Summary:
	inferred   1 Adder/Subtractor(s).
Unit <update_capacity> synthesized.


=========================================================================
HDL Synthesis Report

Macro Statistics
# Adders/Subtractors                                   : 1
 8-bit subtractor                                      : 1
# Latches                                              : 1
 8-bit latch                                           : 1

=========================================================================

=========================================================================
*                       Advanced HDL Synthesis                          *
=========================================================================


=========================================================================
Advanced HDL Synthesis Report

Macro Statistics
# Adders/Subtractors                                   : 1
 8-bit subtractor                                      : 1
# Latches                                              : 1
 8-bit latch                                           : 1

=========================================================================

=========================================================================
*                         Low Level Synthesis                           *
=========================================================================

Optimizing unit <update_capacity> ...

Mapping all equations...
Building and optimizing final netlist ...
Found area constraint ratio of 100 (+ 5) on block update_capacity, actual ratio is 0.
Latch _old_cap_1_7 has been replicated 1 time(s) to handle iob=true attribute.
Latch _old_cap_1_6 has been replicated 1 time(s) to handle iob=true attribute.
Latch _old_cap_1_5 has been replicated 1 time(s) to handle iob=true attribute.
Latch _old_cap_1_4 has been replicated 1 time(s) to handle iob=true attribute.
Latch _old_cap_1_3 has been replicated 1 time(s) to handle iob=true attribute.
Latch _old_cap_1_2 has been replicated 1 time(s) to handle iob=true attribute.
Latch _old_cap_1_1 has been replicated 1 time(s) to handle iob=true attribute.
Latch _old_cap_1_0 has been replicated 1 time(s) to handle iob=true attribute.

Final Macro Processing ...

=========================================================================
Final Register Report

Found no macro
=========================================================================

=========================================================================
*                           Partition Report                            *
=========================================================================

Partition Implementation Status
-------------------------------

  No Partitions were found in this design.

-------------------------------

=========================================================================
*                            Final Report                               *
=========================================================================
Final Results
RTL Top Level Output File Name     : update_capacity.ngr
Top Level Output File Name         : update_capacity
Output Format                      : NGC
Optimization Goal                  : Speed
Keep Hierarchy                     : No

Design Statistics
# IOs                              : 25

Cell Usage :
# BELS                             : 48
#      GND                         : 1
#      LUT2                        : 11
#      LUT3                        : 8
#      LUT4                        : 12
#      MUXCY                       : 7
#      VCC                         : 1
#      XORCY                       : 8
# FlipFlops/Latches                : 16
#      LDCP                        : 16
# Clock Buffers                    : 1
#      BUFG                        : 1
# IO Buffers                       : 25
#      IBUF                        : 9
#      OBUF                        : 16
=========================================================================

Device utilization summary:
---------------------------

Selected Device : 3s400pq208-5 

 Number of Slices:                       18  out of   3584     0%  
 Number of Slice Flip Flops:              8  out of   7168     0%  
 Number of 4 input LUTs:                 31  out of   7168     0%  
 Number of IOs:                          25
 Number of bonded IOBs:                  25  out of    141    17%  
    IOB Flip Flops:                       8
 Number of GCLKs:                         1  out of      8    12%  

---------------------------
Partition Resource Summary:
---------------------------

  No Partitions were found in this design.

---------------------------


=========================================================================
TIMING REPORT

NOTE: THESE TIMING NUMBERS ARE ONLY A SYNTHESIS ESTIMATE.
      FOR ACCURATE TIMING INFORMATION PLEASE REFER TO THE TRACE REPORT
      GENERATED AFTER PLACE-and-ROUTE.

Clock Information:
------------------
-----------------------------------+------------------------+-------+
Clock Signal                       | Clock buffer(FF name)  | Load  |
-----------------------------------+------------------------+-------+
parking_capacity<0>                | IBUF+BUFG              | 16    |
-----------------------------------+------------------------+-------+

Asynchronous Control Signals Information:
----------------------------------------
-----------------------------------------------+------------------------+-------+
Control Signal                                 | Buffer(FF name)        | Load  |
-----------------------------------------------+------------------------+-------+
N0(XST_GND:G)                                  | NONE(_old_cap_1_0)     | 2     |
_old_cap_1_0__or0000(_old_cap_1_0__or00001:O)  | NONE(_old_cap_1_0)     | 2     |
_old_cap_1_1__and0000(_old_cap_1_1__and00001:O)| NONE(_old_cap_1_1)     | 2     |
_old_cap_1_1__or0000(_old_cap_1_1__or00001:O)  | NONE(_old_cap_1_1)     | 2     |
_old_cap_1_2__and0000(_old_cap_1_2__and00001:O)| NONE(_old_cap_1_2)     | 2     |
_old_cap_1_2__or0000(_old_cap_1_2__or00001:O)  | NONE(_old_cap_1_2)     | 2     |
_old_cap_1_3__and0000(old_cap_1_mux0000<4>1:O) | NONE(_old_cap_1_3)     | 2     |
_old_cap_1_3__or0000(_old_cap_1_3__or00001:O)  | NONE(_old_cap_1_3)     | 2     |
_old_cap_1_4__and0000(old_cap_1_mux0000<3>1:O) | NONE(_old_cap_1_4)     | 2     |
_old_cap_1_4__or0000(_old_cap_1_4__or00001:O)  | NONE(_old_cap_1_4)     | 2     |
_old_cap_1_5__and0000(old_cap_1_mux0000<2>1:O) | NONE(_old_cap_1_5)     | 2     |
_old_cap_1_5__or0000(_old_cap_1_5__or00001:O)  | NONE(_old_cap_1_5)     | 2     |
_old_cap_1_6__or0000(_old_cap_1_6__or00001:O)  | NONE(_old_cap_1_6)     | 2     |
_old_cap_1_7__or0000(_old_cap_1_7__or00001:O)  | NONE(_old_cap_1_7)     | 2     |
parking_capacity<6>                            | IBUF                   | 2     |
parking_capacity<7>                            | IBUF                   | 2     |
-----------------------------------------------+------------------------+-------+

Timing Summary:
---------------
Speed Grade: -5

   Minimum period: No path found
   Minimum input arrival time before clock: 3.977ns
   Maximum output required time after clock: 9.025ns
   Maximum combinational path delay: 9.422ns

Timing Detail:
--------------
All values displayed in nanoseconds (ns)

=========================================================================
Timing constraint: Default OFFSET IN BEFORE for Clock 'parking_capacity<0>'
  Total number of paths / destination ports: 54 / 14
-------------------------------------------------------------------------
Offset:              3.977ns (Levels of Logic = 3)
  Source:            parking_capacity<6> (PAD)
  Destination:       _old_cap_1_2 (LATCH)
  Destination Clock: parking_capacity<0> falling

  Data Path: parking_capacity<6> to _old_cap_1_2
                                Gate     Net
    Cell:in->out      fanout   Delay   Delay  Logical Name (Net Name)
    ----------------------------------------  ------------
     IBUF:I->O            13   0.715   1.290  parking_capacity_6_IBUF (_old_cap_1_6__and0000)
     LUT3:I0->O            4   0.479   0.838  old_cap_1_mux0000<6>11 (N02)
     LUT3:I2->O            3   0.479   0.000  old_cap_1_mux0000<5>1 (old_cap_1_mux0000<5>)
     LDCP:D                    0.176          _old_cap_1_2
    ----------------------------------------
    Total                      3.977ns (1.849ns logic, 2.128ns route)
                                       (46.5% logic, 53.5% route)

=========================================================================
Timing constraint: Default OFFSET OUT AFTER for Clock 'parking_capacity<0>'
  Total number of paths / destination ports: 44 / 16
-------------------------------------------------------------------------
Offset:              9.025ns (Levels of Logic = 10)
  Source:            _old_cap_1_0 (LATCH)
  Destination:       parking_capacity_new<7> (PAD)
  Source Clock:      parking_capacity<0> falling

  Data Path: _old_cap_1_0 to parking_capacity_new<7>
                                Gate     Net
    Cell:in->out      fanout   Delay   Delay  Logical Name (Net Name)
    ----------------------------------------  ------------
     LDCP:G->Q             1   0.551   0.851  _old_cap_1_0 (_old_cap_1_0)
     LUT2:I1->O            1   0.479   0.000  Msub_parking_capacity_new_lut<0> (Msub_parking_capacity_new_lut<0>)
     MUXCY:S->O            1   0.435   0.000  Msub_parking_capacity_new_cy<0> (Msub_parking_capacity_new_cy<0>)
     MUXCY:CI->O           1   0.056   0.000  Msub_parking_capacity_new_cy<1> (Msub_parking_capacity_new_cy<1>)
     MUXCY:CI->O           1   0.056   0.000  Msub_parking_capacity_new_cy<2> (Msub_parking_capacity_new_cy<2>)
     MUXCY:CI->O           1   0.056   0.000  Msub_parking_capacity_new_cy<3> (Msub_parking_capacity_new_cy<3>)
     MUXCY:CI->O           1   0.056   0.000  Msub_parking_capacity_new_cy<4> (Msub_parking_capacity_new_cy<4>)
     MUXCY:CI->O           1   0.056   0.000  Msub_parking_capacity_new_cy<5> (Msub_parking_capacity_new_cy<5>)
     MUXCY:CI->O           0   0.056   0.000  Msub_parking_capacity_new_cy<6> (Msub_parking_capacity_new_cy<6>)
     XORCY:CI->O           1   0.786   0.681  Msub_parking_capacity_new_xor<7> (parking_capacity_new_7_OBUF)
     OBUF:I->O                 4.909          parking_capacity_new_7_OBUF (parking_capacity_new<7>)
    ----------------------------------------
    Total                      9.025ns (7.493ns logic, 1.532ns route)
                                       (83.0% logic, 17.0% route)

=========================================================================
Timing constraint: Default path analysis
  Total number of paths / destination ports: 64 / 8
-------------------------------------------------------------------------
Delay:               9.422ns (Levels of Logic = 8)
  Source:            parking_capacity<3> (PAD)
  Destination:       parking_capacity_new<7> (PAD)

  Data Path: parking_capacity<3> to parking_capacity_new<7>
                                Gate     Net
    Cell:in->out      fanout   Delay   Delay  Logical Name (Net Name)
    ----------------------------------------  ------------
     IBUF:I->O             9   0.715   1.250  parking_capacity_3_IBUF (parking_capacity_3_IBUF)
     LUT2:I0->O            1   0.479   0.000  Msub_parking_capacity_new_lut<3> (Msub_parking_capacity_new_lut<3>)
     MUXCY:S->O            1   0.435   0.000  Msub_parking_capacity_new_cy<3> (Msub_parking_capacity_new_cy<3>)
     MUXCY:CI->O           1   0.056   0.000  Msub_parking_capacity_new_cy<4> (Msub_parking_capacity_new_cy<4>)
     MUXCY:CI->O           1   0.056   0.000  Msub_parking_capacity_new_cy<5> (Msub_parking_capacity_new_cy<5>)
     MUXCY:CI->O           0   0.056   0.000  Msub_parking_capacity_new_cy<6> (Msub_parking_capacity_new_cy<6>)
     XORCY:CI->O           1   0.786   0.681  Msub_parking_capacity_new_xor<7> (parking_capacity_new_7_OBUF)
     OBUF:I->O                 4.909          parking_capacity_new_7_OBUF (parking_capacity_new<7>)
    ----------------------------------------
    Total                      9.422ns (7.490ns logic, 1.931ns route)
                                       (79.5% logic, 20.5% route)

=========================================================================


Total REAL time to Xst completion: 20.00 secs
Total CPU time to Xst completion: 20.09 secs
 
--> 

Total memory usage is 4496992 kilobytes

Number of errors   :    0 (   0 filtered)
Number of warnings :    1 (   0 filtered)
Number of infos    :    0 (   0 filtered)

